<?xml version="1.0" encoding="UTF-8"?>
<testng-results ignored="0" total="3" passed="3" failed="0" skipped="0">
  <reporter-output>
  </reporter-output>
  <suite started-at="2023-05-15T18:47:26 EDT" name="All Test Suite" finished-at="2023-05-15T18:47:29 EDT" duration-ms="3704">
    <groups>
    </groups>
    <test started-at="2023-05-15T18:47:26 EDT" name="/Users/priyankaverma/jiraAPI" finished-at="2023-05-15T18:47:29 EDT" duration-ms="3704">
      <class name="addAttachments">
        <test-method signature="attachments()[pri:0, instance:addAttachments@909217e]" started-at="2023-05-15T18:47:26 EDT" name="attachments" finished-at="2023-05-15T18:47:28 EDT" duration-ms="2598" status="PASS">
          <reporter-output>
          </reporter-output>
        </test-method> <!-- attachments -->
      </class> <!-- addAttachments -->
      <class name="addComment">
        <test-method signature="comment()[pri:0, instance:addComment@6caf0677]" started-at="2023-05-15T18:47:28 EDT" name="comment" finished-at="2023-05-15T18:47:29 EDT" duration-ms="609" status="PASS">
          <reporter-output>
          </reporter-output>
        </test-method> <!-- comment -->
      </class> <!-- addComment -->
      <class name="verifyDetails">
        <test-method signature="details()[pri:0, instance:verifyDetails@413d1baf]" started-at="2023-05-15T18:47:29 EDT" name="details" finished-at="2023-05-15T18:47:29 EDT" duration-ms="450" status="PASS">
          <reporter-output>
          </reporter-output>
        </test-method> <!-- details -->
      </class> <!-- verifyDetails -->
    </test> <!-- /Users/priyankaverma/jiraAPI -->
  </suite> <!-- All Test Suite -->
</testng-results>
