<?xml version="1.0" encoding="UTF-8"?>
<!-- Generated by org.testng.reporters.JUnitXMLReporter -->
<testsuite ignored="0" hostname="Priyankas-MacBook-Air.local" failures="0" tests="3" name="/Users/priyankaverma/jiraAPI" time="3.704" errors="0" timestamp="2023-05-15T18:47:29 EDT">
  <testcase classname="addAttachments" name="attachments" time="2.598"/>
  <testcase classname="addComment" name="comment" time="0.609"/>
  <testcase classname="verifyDetails" name="details" time="0.45"/>
</testsuite> <!-- /Users/priyankaverma/jiraAPI -->
