<?xml version="1.0" encoding="UTF-8"?>
<!-- Generated by org.testng.reporters.JUnitXMLReporter -->
<testsuite ignored="0" hostname="Priyankas-MacBook-Air.local" failures="0" tests="3" name="/Users/priyankaverma/jiraAPI" time="3.766" errors="0" timestamp="2023-05-15T16:12:31 EDT">
  <testcase classname="addAttachments" name="attachments" time="2.803"/>
  <testcase classname="addComment" name="comment" time="0.519"/>
  <testcase classname="verifyDetails" name="details" time="0.395"/>
</testsuite> <!-- /Users/priyankaverma/jiraAPI -->
